<?xml version="1.0" encoding="UTF-8"?>
<testsuite xmlns:xsi="http://www.w3.org/2001/XMLSchema-instance" xsi:noNamespaceSchemaLocation="https://maven.apache.org/surefire/maven-surefire-plugin/xsd/surefire-test-report-3.0.xsd" version="3.0" name="com.example.demo.test.UserServiceTest" time="7.935" tests="1" errors="0" skipped="0" failures="0">
  <properties>
[...]
</properties>
  <testcase name="testGetUserById" classname="com.example.demo.test.UserServiceTest" time="0.336">
    <system-out><![CDATA[2025-10-25 13:31:28 [main] INFO  o.s.t.c.w.WebTestContextBootstrapper - Loaded default TestExecutionListener class names from location [META-INF/spring.factories]: [org.springframework.test.context.web.ServletTestExecutionListener, org.springframework.test.context.support.DirtiesContextBeforeModesTestExecutionListener, org.springframework.test.context.event.ApplicationEventsTestExecutionListener, org.springframework.test.context.support.DependencyInjectionTestExecutionListener, org.springframework.test.context.support.DirtiesContextTestExecutionListener, org.springframework.test.context.transaction.TransactionalTestExecutionListener, org.springframework.test.context.jdbc.SqlScriptsTestExecutionListener, org.springframework.test.context.event.EventPublishingTestExecutionListener]
2025-10-25 13:31:28 [main] INFO  o.s.t.c.w.WebTestContextBootstrapper - Using TestExecutionListeners: [org.springframework.test.context.web.ServletTestExecutionListener@19976a65, org.springframework.test.context.support.DirtiesContextBeforeModesTestExecutionListener@a1f72f5, org.springframework.test.context.event.ApplicationEventsTestExecutionListener@4b2c5e02, org.springframework.test.context.support.DependencyInjectionTestExecutionListener@57a3e26a, org.springframework.test.context.support.DirtiesContextTestExecutionListener@75c56eb9, org.springframework.test.context.transaction.TransactionalTestExecutionListener@4bc222e, org.springframework.test.context.jdbc.SqlScriptsTestExecutionListener@2dc9b0f5, org.springframework.test.context.event.EventPublishingTestExecutionListener@6531a794]
2025-10-25 13:31:30 [main] INFO  org.hibernate.Version - HHH000412: Hibernate ORM core version 5.6.9.Final
2025-10-25 13:31:31 [main] INFO  o.h.annotations.common.Version - HCANN000001: Hibernate Commons Annotations {5.1.2.Final}
2025-10-25 13:31:31 [main] INFO  org.hibernate.dialect.Dialect - HHH000400: Using dialect: org.hibernate.dialect.MySQL8Dialect
2025-10-25 13:31:33 [main] INFO  o.h.e.t.j.p.i.JtaPlatformInitiator - HHH000490: Using JtaPlatform implementation: [org.hibernate.engine.transaction.jta.platform.internal.NoJtaPlatform]
2025-10-25 13:31:34 [main] INFO  c.e.d.service.impl.UserServiceImpl - info
Hibernate: 
    select
        user0_.id as id1_4_0_,
        user0_.email as email2_4_0_,
        user0_.name as name3_4_0_ 
    from
        users user0_ 
    where
        user0_.id=?
]]></system-out>
    <system-err><![CDATA[10月 25, 2025 1:31:30 下午 com.example.demo.service.EcommerceService <init>
資訊: EcommerceService 初始化
10月 25, 2025 1:31:30 下午 com.example.demo.service.EcommerceService createUploadDirectory
資訊: 創建上傳目錄: uploads/
]]></system-err>
  </testcase>
</testsuite>